Analysis & Synthesis report for complete
Wed Jan 03 14:16:21 2024
Quartus Prime Version 20.1.0 Build 711 06/05/2020 SJ Lite Edition


---------------------
; Table of Contents ;
---------------------
  1. Legal Notice
  2. Analysis & Synthesis Summary
  3. Analysis & Synthesis Settings
  4. Parallel Compilation
  5. Analysis & Synthesis Source Files Read
  6. Analysis & Synthesis Resource Usage Summary
  7. Analysis & Synthesis Resource Utilization by Entity
  8. State Machine - |complete|seq_cont:inst3|ps
  9. Registers Removed During Synthesis
 10. Removed Registers Triggering Further Register Optimizations
 11. General Register Statistics
 12. Multiplexer Restructuring Statistics (Restructuring Performed)
 13. Parameter Settings for User Entity Instance: seq_cont:inst3
 14. Post-Synthesis Netlist Statistics for Top Partition
 15. Elapsed Time Per Partition
 16. Analysis & Synthesis Messages



----------------
; Legal Notice ;
----------------
Copyright (C) 2020  Intel Corporation. All rights reserved.
Your use of Intel Corporation's design tools, logic functions 
and other software and tools, and any partner logic 
functions, and any output files from any of the foregoing 
(including device programming or simulation files), and any 
associated documentation or information are expressly subject 
to the terms and conditions of the Intel Program License 
Subscription Agreement, the Intel Quartus Prime License Agreement,
the Intel FPGA IP License Agreement, or other applicable license
agreement, including, without limitation, that your use is for
the sole purpose of programming logic devices manufactured by
Intel and sold by Intel or its authorized distributors.  Please
refer to the applicable agreement for further details, at
https://fpgasoftware.intel.com/eula.



+----------------------------------------------------------------------------------+
; Analysis & Synthesis Summary                                                     ;
+------------------------------------+---------------------------------------------+
; Analysis & Synthesis Status        ; Successful - Wed Jan 03 14:16:21 2024       ;
; Quartus Prime Version              ; 20.1.0 Build 711 06/05/2020 SJ Lite Edition ;
; Revision Name                      ; complete                                    ;
; Top-level Entity Name              ; complete                                    ;
; Family                             ; Cyclone IV GX                               ;
; Total logic elements               ; 26                                          ;
;     Total combinational functions  ; 26                                          ;
;     Dedicated logic registers      ; 20                                          ;
; Total registers                    ; 20                                          ;
; Total pins                         ; 5                                           ;
; Total virtual pins                 ; 0                                           ;
; Total memory bits                  ; 0                                           ;
; Embedded Multiplier 9-bit elements ; 0                                           ;
; Total GXB Receiver Channel PCS     ; 0                                           ;
; Total GXB Receiver Channel PMA     ; 0                                           ;
; Total GXB Transmitter Channel PCS  ; 0                                           ;
; Total GXB Transmitter Channel PMA  ; 0                                           ;
; Total PLLs                         ; 0                                           ;
+------------------------------------+---------------------------------------------+


+------------------------------------------------------------------------------------------------------------+
; Analysis & Synthesis Settings                                                                              ;
+------------------------------------------------------------------+--------------------+--------------------+
; Option                                                           ; Setting            ; Default Value      ;
+------------------------------------------------------------------+--------------------+--------------------+
; Device                                                           ; EP4CGX15BF14A7     ;                    ;
; Top-level entity name                                            ; complete           ; complete           ;
; Family name                                                      ; Cyclone IV GX      ; Cyclone V          ;
; Use smart compilation                                            ; Off                ; Off                ;
; Enable parallel Assembler and Timing Analyzer during compilation ; On                 ; On                 ;
; Enable compact report table                                      ; Off                ; Off                ;
; Restructure Multiplexers                                         ; Auto               ; Auto               ;
; Create Debugging Nodes for IP Cores                              ; Off                ; Off                ;
; Preserve fewer node names                                        ; On                 ; On                 ;
; Intel FPGA IP Evaluation Mode                                    ; Enable             ; Enable             ;
; Verilog Version                                                  ; Verilog_2001       ; Verilog_2001       ;
; VHDL Version                                                     ; VHDL_1993          ; VHDL_1993          ;
; State Machine Processing                                         ; Auto               ; Auto               ;
; Safe State Machine                                               ; Off                ; Off                ;
; Extract Verilog State Machines                                   ; On                 ; On                 ;
; Extract VHDL State Machines                                      ; On                 ; On                 ;
; Ignore Verilog initial constructs                                ; Off                ; Off                ;
; Iteration limit for constant Verilog loops                       ; 5000               ; 5000               ;
; Iteration limit for non-constant Verilog loops                   ; 250                ; 250                ;
; Add Pass-Through Logic to Inferred RAMs                          ; On                 ; On                 ;
; Infer RAMs from Raw Logic                                        ; On                 ; On                 ;
; Parallel Synthesis                                               ; On                 ; On                 ;
; DSP Block Balancing                                              ; Auto               ; Auto               ;
; NOT Gate Push-Back                                               ; On                 ; On                 ;
; Power-Up Don't Care                                              ; On                 ; On                 ;
; Remove Redundant Logic Cells                                     ; Off                ; Off                ;
; Remove Duplicate Registers                                       ; On                 ; On                 ;
; Ignore CARRY Buffers                                             ; Off                ; Off                ;
; Ignore CASCADE Buffers                                           ; Off                ; Off                ;
; Ignore GLOBAL Buffers                                            ; Off                ; Off                ;
; Ignore ROW GLOBAL Buffers                                        ; Off                ; Off                ;
; Ignore LCELL Buffers                                             ; Off                ; Off                ;
; Ignore SOFT Buffers                                              ; On                 ; On                 ;
; Limit AHDL Integers to 32 Bits                                   ; Off                ; Off                ;
; Optimization Technique                                           ; Balanced           ; Balanced           ;
; Carry Chain Length                                               ; 70                 ; 70                 ;
; Auto Carry Chains                                                ; On                 ; On                 ;
; Auto Open-Drain Pins                                             ; On                 ; On                 ;
; Perform WYSIWYG Primitive Resynthesis                            ; Off                ; Off                ;
; Auto ROM Replacement                                             ; On                 ; On                 ;
; Auto RAM Replacement                                             ; On                 ; On                 ;
; Auto DSP Block Replacement                                       ; On                 ; On                 ;
; Auto Shift Register Replacement                                  ; Auto               ; Auto               ;
; Allow Shift Register Merging across Hierarchies                  ; Auto               ; Auto               ;
; Auto Clock Enable Replacement                                    ; On                 ; On                 ;
; Strict RAM Replacement                                           ; Off                ; Off                ;
; Allow Synchronous Control Signals                                ; On                 ; On                 ;
; Force Use of Synchronous Clear Signals                           ; Off                ; Off                ;
; Auto RAM Block Balancing                                         ; On                 ; On                 ;
; Auto RAM to Logic Cell Conversion                                ; Off                ; Off                ;
; Auto Resource Sharing                                            ; Off                ; Off                ;
; Allow Any RAM Size For Recognition                               ; Off                ; Off                ;
; Allow Any ROM Size For Recognition                               ; Off                ; Off                ;
; Allow Any Shift Register Size For Recognition                    ; Off                ; Off                ;
; Use LogicLock Constraints during Resource Balancing              ; On                 ; On                 ;
; Ignore translate_off and synthesis_off directives                ; Off                ; Off                ;
; Timing-Driven Synthesis                                          ; On                 ; On                 ;
; Report Parameter Settings                                        ; On                 ; On                 ;
; Report Source Assignments                                        ; On                 ; On                 ;
; Report Connectivity Checks                                       ; On                 ; On                 ;
; Ignore Maximum Fan-Out Assignments                               ; Off                ; Off                ;
; Synchronization Register Chain Length                            ; 2                  ; 2                  ;
; Power Optimization During Synthesis                              ; Normal compilation ; Normal compilation ;
; HDL message level                                                ; Level2             ; Level2             ;
; Suppress Register Optimization Related Messages                  ; Off                ; Off                ;
; Number of Removed Registers Reported in Synthesis Report         ; 5000               ; 5000               ;
; Number of Swept Nodes Reported in Synthesis Report               ; 5000               ; 5000               ;
; Number of Inverted Registers Reported in Synthesis Report        ; 100                ; 100                ;
; Clock MUX Protection                                             ; On                 ; On                 ;
; Auto Gated Clock Conversion                                      ; Off                ; Off                ;
; Block Design Naming                                              ; Auto               ; Auto               ;
; SDC constraint protection                                        ; Off                ; Off                ;
; Synthesis Effort                                                 ; Auto               ; Auto               ;
; Shift Register Replacement - Allow Asynchronous Clear Signal     ; On                 ; On                 ;
; Pre-Mapping Resynthesis Optimization                             ; Off                ; Off                ;
; Analysis & Synthesis Message Level                               ; Medium             ; Medium             ;
; Disable Register Merging Across Hierarchies                      ; Auto               ; Auto               ;
; Resource Aware Inference For Block RAM                           ; On                 ; On                 ;
+------------------------------------------------------------------+--------------------+--------------------+


+------------------------------------------+
; Parallel Compilation                     ;
+----------------------------+-------------+
; Processors                 ; Number      ;
+----------------------------+-------------+
; Number detected on machine ; 12          ;
; Maximum allowed            ; 6           ;
;                            ;             ;
; Average used               ; 1.00        ;
; Maximum used               ; 6           ;
;                            ;             ;
; Usage by Processor         ; % Time Used ;
;     Processor 1            ; 100.0%      ;
;     Processors 2-6         ;   0.0%      ;
+----------------------------+-------------+


+--------------------------------------------------------------------------------------------------------------------------------------------------------------------------------------------------------------------------+
; Analysis & Synthesis Source Files Read                                                                                                                                                                                   ;
+------------------------------------------------------------------+-----------------+------------------------------------+--------------------------------------------------------------------------------------+---------+
; File Name with User-Entered Path                                 ; Used in Netlist ; File Type                          ; File Name with Absolute Path                                                         ; Library ;
+------------------------------------------------------------------+-----------------+------------------------------------+--------------------------------------------------------------------------------------+---------+
; ../MKermani01575-CA05-ECE367/transmitter/transmitter.sv          ; yes             ; User SystemVerilog HDL File        ; C:/Users/mosta/Desktop/MKermani01575-CA05-ECE367/transmitter/transmitter.sv          ;         ;
; ../MKermani01575-CA05-ECE367/ThreeCount/three_bit_counter_reg.sv ; yes             ; User SystemVerilog HDL File        ; C:/Users/mosta/Desktop/MKermani01575-CA05-ECE367/ThreeCount/three_bit_counter_reg.sv ;         ;
; ../MKermani01575-CA05-ECE367/seqDet_cont/seq_cont.sv             ; yes             ; User SystemVerilog HDL File        ; C:/Users/mosta/Desktop/MKermani01575-CA05-ECE367/seqDet_cont/seq_cont.sv             ;         ;
; complete.bdf                                                     ; yes             ; User Block Diagram/Schematic File  ; C:/Users/mosta/Desktop/quartus will run/complete.bdf                                 ;         ;
+------------------------------------------------------------------+-----------------+------------------------------------+--------------------------------------------------------------------------------------+---------+


+---------------------------------------------+
; Analysis & Synthesis Resource Usage Summary ;
+--------------------------+------------------+
; Resource                 ; Usage            ;
+--------------------------+------------------+
; I/O pins                 ; 5                ;
;                          ;                  ;
; DSP block 9-bit elements ; 0                ;
;                          ;                  ;
; Maximum fan-out node     ; clock~input      ;
; Maximum fan-out          ; 20               ;
; Total fan-out            ; 147              ;
; Average fan-out          ; 2.63             ;
+--------------------------+------------------+


+--------------------------------------------------------------------------------------------------------------------------------------------------------------------------------------------------------------------------------------------------------+
; Analysis & Synthesis Resource Utilization by Entity                                                                                                                                                                                                    ;
+----------------------------------+---------------------+---------------------------+-------------+--------------+---------+-----------+-----------+------+--------------+---------------------------------------+-----------------------+--------------+
; Compilation Hierarchy Node       ; Combinational ALUTs ; Dedicated Logic Registers ; Memory Bits ; DSP Elements ; DSP 9x9 ; DSP 18x18 ; DSP 36x36 ; Pins ; Virtual Pins ; Full Hierarchy Name                   ; Entity Name           ; Library Name ;
+----------------------------------+---------------------+---------------------------+-------------+--------------+---------+-----------+-----------+------+--------------+---------------------------------------+-----------------------+--------------+
; |complete                        ; 26 (0)              ; 20 (0)                    ; 0           ; 0            ; 0       ; 0         ; 0         ; 5    ; 0            ; |complete                             ; complete              ; work         ;
;    |seq_cont:inst3|              ; 12 (12)             ; 9 (9)                     ; 0           ; 0            ; 0       ; 0         ; 0         ; 0    ; 0            ; |complete|seq_cont:inst3              ; seq_cont              ; work         ;
;    |three_bit_counter_reg:inst2| ; 4 (4)               ; 3 (3)                     ; 0           ; 0            ; 0       ; 0         ; 0         ; 0    ; 0            ; |complete|three_bit_counter_reg:inst2 ; three_bit_counter_reg ; work         ;
;    |transmitter:inst|            ; 10 (10)             ; 8 (8)                     ; 0           ; 0            ; 0       ; 0         ; 0         ; 0    ; 0            ; |complete|transmitter:inst            ; transmitter           ; work         ;
+----------------------------------+---------------------+---------------------------+-------------+--------------+---------+-----------+-----------+------+--------------+---------------------------------------+-----------------------+--------------+
Note: For table entries with two numbers listed, the numbers in parentheses indicate the number of resources of the given type used by the specific entity alone. The numbers listed outside of parentheses indicate the total resources of the given type used by the specific entity and all of its sub-entities in the hierarchy.


Encoding Type:  One-Hot
+-------------------------------------------------------------------------------------------------+
; State Machine - |complete|seq_cont:inst3|ps                                                     ;
+-------------+-------------+-------------+------+------+------+------+------+------+------+------+
; Name        ; ps.tr_state ; ps.ld_state ; ps.G ; ps.F ; ps.E ; ps.D ; ps.C ; ps.B ; ps.A ; ps.I ;
+-------------+-------------+-------------+------+------+------+------+------+------+------+------+
; ps.I        ; 0           ; 0           ; 0    ; 0    ; 0    ; 0    ; 0    ; 0    ; 0    ; 0    ;
; ps.A        ; 0           ; 0           ; 0    ; 0    ; 0    ; 0    ; 0    ; 0    ; 1    ; 1    ;
; ps.B        ; 0           ; 0           ; 0    ; 0    ; 0    ; 0    ; 0    ; 1    ; 0    ; 1    ;
; ps.C        ; 0           ; 0           ; 0    ; 0    ; 0    ; 0    ; 1    ; 0    ; 0    ; 1    ;
; ps.D        ; 0           ; 0           ; 0    ; 0    ; 0    ; 1    ; 0    ; 0    ; 0    ; 1    ;
; ps.E        ; 0           ; 0           ; 0    ; 0    ; 1    ; 0    ; 0    ; 0    ; 0    ; 1    ;
; ps.F        ; 0           ; 0           ; 0    ; 1    ; 0    ; 0    ; 0    ; 0    ; 0    ; 1    ;
; ps.G        ; 0           ; 0           ; 1    ; 0    ; 0    ; 0    ; 0    ; 0    ; 0    ; 1    ;
; ps.ld_state ; 0           ; 1           ; 0    ; 0    ; 0    ; 0    ; 0    ; 0    ; 0    ; 1    ;
; ps.tr_state ; 1           ; 0           ; 0    ; 0    ; 0    ; 0    ; 0    ; 0    ; 0    ; 1    ;
+-------------+-------------+-------------+------+------+------+------+------+------+------+------+


+-----------------------------------------------------------------------------------+
; Registers Removed During Synthesis                                                ;
+------------------------------------------+----------------------------------------+
; Register name                            ; Reason for Removal                     ;
+------------------------------------------+----------------------------------------+
; three_bit_counter_reg:inst2|parOut[0..7] ; Stuck at GND due to stuck port data_in ;
; seq_cont:inst3|ps~4                      ; Lost fanout                            ;
; seq_cont:inst3|ps~5                      ; Lost fanout                            ;
; seq_cont:inst3|ps~6                      ; Lost fanout                            ;
; seq_cont:inst3|ps~7                      ; Lost fanout                            ;
; seq_cont:inst3|ps.I                      ; Lost fanout                            ;
; Total Number of Removed Registers = 13   ;                                        ;
+------------------------------------------+----------------------------------------+


+---------------------------------------------------------------------------------------------------------------------------------------------------+
; Removed Registers Triggering Further Register Optimizations                                                                                       ;
+---------------------------------------+---------------------------+-------------------------------------------------------------------------------+
; Register name                         ; Reason for Removal        ; Registers Removed due to This Register                                        ;
+---------------------------------------+---------------------------+-------------------------------------------------------------------------------+
; three_bit_counter_reg:inst2|parOut[7] ; Stuck at GND              ; three_bit_counter_reg:inst2|parOut[6], three_bit_counter_reg:inst2|parOut[5], ;
;                                       ; due to stuck port data_in ; three_bit_counter_reg:inst2|parOut[4], three_bit_counter_reg:inst2|parOut[3], ;
;                                       ;                           ; three_bit_counter_reg:inst2|parOut[2], three_bit_counter_reg:inst2|parOut[1], ;
;                                       ;                           ; three_bit_counter_reg:inst2|parOut[0]                                         ;
+---------------------------------------+---------------------------+-------------------------------------------------------------------------------+


+------------------------------------------------------+
; General Register Statistics                          ;
+----------------------------------------------+-------+
; Statistic                                    ; Value ;
+----------------------------------------------+-------+
; Total registers                              ; 20    ;
; Number of registers using Synchronous Clear  ; 8     ;
; Number of registers using Synchronous Load   ; 0     ;
; Number of registers using Asynchronous Clear ; 20    ;
; Number of registers using Asynchronous Load  ; 0     ;
; Number of registers using Clock Enable       ; 3     ;
; Number of registers using Preset             ; 0     ;
+----------------------------------------------+-------+


+-----------------------------------------------------------------------------------------------------------------------------------------------------------+
; Multiplexer Restructuring Statistics (Restructuring Performed)                                                                                            ;
+--------------------+-----------+---------------+----------------------+------------------------+------------+---------------------------------------------+
; Multiplexer Inputs ; Bus Width ; Baseline Area ; Area if Restructured ; Saving if Restructured ; Registered ; Example Multiplexer Output                  ;
+--------------------+-----------+---------------+----------------------+------------------------+------------+---------------------------------------------+
; 3:1                ; 3 bits    ; 6 LEs         ; 3 LEs                ; 3 LEs                  ; Yes        ; |complete|three_bit_counter_reg:inst2|ps[2] ;
+--------------------+-----------+---------------+----------------------+------------------------+------------+---------------------------------------------+


+-------------------------------------------------------------+
; Parameter Settings for User Entity Instance: seq_cont:inst3 ;
+----------------+-------+------------------------------------+
; Parameter Name ; Value ; Type                               ;
+----------------+-------+------------------------------------+
; I              ; 0000  ; Unsigned Binary                    ;
; A              ; 0001  ; Unsigned Binary                    ;
; B              ; 0010  ; Unsigned Binary                    ;
; C              ; 0011  ; Unsigned Binary                    ;
; D              ; 0100  ; Unsigned Binary                    ;
; E              ; 0101  ; Unsigned Binary                    ;
; F              ; 0110  ; Unsigned Binary                    ;
; G              ; 0111  ; Unsigned Binary                    ;
; ld_state       ; 1000  ; Unsigned Binary                    ;
; tr_state       ; 1001  ; Unsigned Binary                    ;
+----------------+-------+------------------------------------+
Note: In order to hide this table in the UI and the text report file, please set the "Show Parameter Settings in Synthesis Report" option in "Analysis and Synthesis Settings -> More Settings" to "Off".


+-----------------------------------------------------+
; Post-Synthesis Netlist Statistics for Top Partition ;
+-----------------------+-----------------------------+
; Type                  ; Count                       ;
+-----------------------+-----------------------------+
; boundary_port         ; 5                           ;
; cycloneiii_ff         ; 20                          ;
;     CLR               ; 9                           ;
;     CLR SCLR          ; 8                           ;
;     ENA CLR           ; 3                           ;
; cycloneiii_lcell_comb ; 26                          ;
;     arith             ; 7                           ;
;         2 data inputs ; 7                           ;
;     normal            ; 19                          ;
;         1 data inputs ; 1                           ;
;         2 data inputs ; 8                           ;
;         3 data inputs ; 2                           ;
;         4 data inputs ; 8                           ;
;                       ;                             ;
; Max LUT depth         ; 2.00                        ;
; Average LUT depth     ; 1.55                        ;
+-----------------------+-----------------------------+


+-------------------------------+
; Elapsed Time Per Partition    ;
+----------------+--------------+
; Partition Name ; Elapsed Time ;
+----------------+--------------+
; Top            ; 00:00:00     ;
+----------------+--------------+


+-------------------------------+
; Analysis & Synthesis Messages ;
+-------------------------------+
Info: *******************************************************************
Info: Running Quartus Prime Analysis & Synthesis
    Info: Version 20.1.0 Build 711 06/05/2020 SJ Lite Edition
    Info: Processing started: Wed Jan 03 14:16:12 2024
Info: Command: quartus_map --read_settings_files=on --write_settings_files=off complete -c complete
Warning (18236): Number of processors has not been specified which may cause overloading on shared machines.  Set the global assignment NUM_PARALLEL_PROCESSORS in your QSF to an appropriate value for best performance.
Info (20030): Parallel compilation is enabled and will use 6 of the 6 processors detected
Info (12021): Found 1 design units, including 1 entities, in source file /users/mosta/desktop/mkermani01575-ca05-ece367/transmitter/transmitter.sv
    Info (12023): Found entity 1: transmitter File: C:/Users/mosta/Desktop/MKermani01575-CA05-ECE367/transmitter/transmitter.sv Line: 2
Info (12021): Found 1 design units, including 1 entities, in source file /users/mosta/desktop/mkermani01575-ca05-ece367/threecount/three_bit_counter_reg.sv
    Info (12023): Found entity 1: three_bit_counter_reg File: C:/Users/mosta/Desktop/MKermani01575-CA05-ECE367/ThreeCount/three_bit_counter_reg.sv Line: 2
Info (12021): Found 1 design units, including 1 entities, in source file /users/mosta/desktop/mkermani01575-ca05-ece367/seqdet_cont/seq_cont.sv
    Info (12023): Found entity 1: seq_cont File: C:/Users/mosta/Desktop/MKermani01575-CA05-ECE367/seqDet_cont/seq_cont.sv Line: 2
Info (12021): Found 1 design units, including 1 entities, in source file complete.bdf
    Info (12023): Found entity 1: complete
Info (12127): Elaborating entity "complete" for the top level hierarchy
Info (12128): Elaborating entity "seq_cont" for hierarchy "seq_cont:inst3"
Warning (10235): Verilog HDL Always Construct warning at seq_cont.sv(47): variable "co1" is read inside the Always Construct but isn't in the Always Construct's Event Control File: C:/Users/mosta/Desktop/MKermani01575-CA05-ECE367/seqDet_cont/seq_cont.sv Line: 47
Warning (10235): Verilog HDL Always Construct warning at seq_cont.sv(49): variable "co1" is read inside the Always Construct but isn't in the Always Construct's Event Control File: C:/Users/mosta/Desktop/MKermani01575-CA05-ECE367/seqDet_cont/seq_cont.sv Line: 49
Warning (10235): Verilog HDL Always Construct warning at seq_cont.sv(59): variable "co2" is read inside the Always Construct but isn't in the Always Construct's Event Control File: C:/Users/mosta/Desktop/MKermani01575-CA05-ECE367/seqDet_cont/seq_cont.sv Line: 59
Warning (10240): Verilog HDL Always Construct warning at seq_cont.sv(27): inferring latch(es) for variable "cen2", which holds its previous value in one or more paths through the always construct File: C:/Users/mosta/Desktop/MKermani01575-CA05-ECE367/seqDet_cont/seq_cont.sv Line: 27
Info (10041): Inferred latch for "cen2" at seq_cont.sv(27) File: C:/Users/mosta/Desktop/MKermani01575-CA05-ECE367/seqDet_cont/seq_cont.sv Line: 27
Info (12128): Elaborating entity "three_bit_counter_reg" for hierarchy "three_bit_counter_reg:inst2"
Info (12128): Elaborating entity "transmitter" for hierarchy "transmitter:inst"
Info (286030): Timing-Driven Synthesis is running
Info (17049): 5 registers lost all their fanouts during netlist optimizations.
Info (16010): Generating hard_block partition "hard_block:auto_generated_inst"
    Info (16011): Adding 0 node(s), including 0 DDIO, 0 PLL, 0 transceiver and 0 LCELL
Info (21057): Implemented 32 device resources after synthesis - the final resource count might be different
    Info (21058): Implemented 3 input pins
    Info (21059): Implemented 2 output pins
    Info (21061): Implemented 27 logic cells
Info: Quartus Prime Analysis & Synthesis was successful. 0 errors, 5 warnings
    Info: Peak virtual memory: 4848 megabytes
    Info: Processing ended: Wed Jan 03 14:16:21 2024
    Info: Elapsed time: 00:00:09
    Info: Total CPU time (on all processors): 00:00:23


